# JRE version: 7.0_21-b11
# Java VM: Java HotSpot(TM) 64-Bit Server VM (23.21-b01 mixed mode windows-amd64 compressed oops)
Heap
 PSYoungGen      total 36864K, used 13474K [0x00000000eb4b0000, 0x00000000eddd0000, 0x0000000100000000)
  eden space 31808K, 29% used [0x00000000eb4b0000,0x00000000ebdddc28,0x00000000ed3c0000)
  from space 5056K, 80% used [0x00000000ed8c0000,0x00000000edcbae88,0x00000000eddb0000)
  to   space 5120K, 0% used [0x00000000ed3c0000,0x00000000ed3c0000,0x00000000ed8c0000)
 ParOldGen       total 42432K, used 5242K [0x00000000c1e00000, 0x00000000c4770000, 0x00000000eb4b0000)
  object space 42432K, 12% used [0x00000000c1e00000,0x00000000c231eb08,0x00000000c4770000)
 PSPermGen       total 21248K, used 15305K [0x00000000bcc00000, 0x00000000be0c0000, 0x00000000c1e00000)
  object space 21248K, 72% used [0x00000000bcc00000,0x00000000bdaf2430,0x00000000be0c0000)
GC Heap History (10 events):
Event: 1.915 GC heap before
{Heap before GC invocations=2 (full 0):
 PSYoungGen      total 18560K, used 18556K [0x00000000eb4b0000, 0x00000000ec960000, 0x0000000100000000)
  eden space 15936K, 100% used [0x00000000eb4b0000,0x00000000ec440000,0x00000000ec440000)
  from space 2624K, 99% used [0x00000000ec440000,0x00000000ec6cf1d0,0x00000000ec6d0000)
  to   space 2624K, 0% used [0x00000000ec6d0000,0x00000000ec6d0000,0x00000000ec960000)
 ParOldGen       total 42432K, used 592K [0x00000000c1e00000, 0x00000000c4770000, 0x00000000eb4b0000)
  object space 42432K, 1% used [0x00000000c1e00000,0x00000000c1e943a0,0x00000000c4770000)
 PSPermGen       total 21248K, used 7566K [0x00000000bcc00000, 0x00000000be0c0000, 0x00000000c1e00000)
  object space 21248K, 35% used [0x00000000bcc00000,0x00000000bd363a00,0x00000000be0c0000)
Event: 1.921 GC heap after
Heap after GC invocations=2 (full 0):
 PSYoungGen      total 18560K, used 2495K [0x00000000eb4b0000, 0x00000000ec960000, 0x0000000100000000)
  eden space 15936K, 0% used [0x00000000eb4b0000,0x00000000eb4b0000,0x00000000ec440000)
  from space 2624K, 95% used [0x00000000ec6d0000,0x00000000ec93fc48,0x00000000ec960000)
  to   space 2624K, 0% used [0x00000000ec440000,0x00000000ec440000,0x00000000ec6d0000)
 ParOldGen       total 42432K, used 600K [0x00000000c1e00000, 0x00000000c4770000, 0x00000000eb4b0000)
  object space 42432K, 1% used [0x00000000c1e00000,0x00000000c1e963a0,0x00000000c4770000)
 PSPermGen       total 21248K, used 7566K [0x00000000bcc00000, 0x00000000be0c0000, 0x00000000c1e00000)
  object space 21248K, 35% used [0x00000000bcc00000,0x00000000bd363a00,0x00000000be0c0000)
}
Event: 2.569 GC heap before
{Heap before GC invocations=3 (full 0):
 PSYoungGen      total 18560K, used 18431K [0x00000000eb4b0000, 0x00000000ec960000, 0x0000000100000000)
  eden space 15936K, 100% used [0x00000000eb4b0000,0x00000000ec440000,0x00000000ec440000)
  from space 2624K, 95% used [0x00000000ec6d0000,0x00000000ec93fc48,0x00000000ec960000)
  to   space 2624K, 0% used [0x00000000ec440000,0x00000000ec440000,0x00000000ec6d0000)
 ParOldGen       total 42432K, used 600K [0x00000000c1e00000, 0x00000000c4770000, 0x00000000eb4b0000)
  object space 42432K, 1% used [0x00000000c1e00000,0x00000000c1e963a0,0x00000000c4770000)
 PSPermGen       total 21248K, used 9677K [0x00000000bcc00000, 0x00000000be0c0000, 0x00000000c1e00000)
  object space 21248K, 45% used [0x00000000bcc00000,0x00000000bd573498,0x00000000be0c0000)
Event: 2.578 GC heap after
Heap after GC invocations=3 (full 0):
 PSYoungGen      total 18560K, used 2595K [0x00000000eb4b0000, 0x00000000ec960000, 0x0000000100000000)
  eden space 15936K, 0% used [0x00000000eb4b0000,0x00000000eb4b0000,0x00000000ec440000)
  from space 2624K, 98% used [0x00000000ec440000,0x00000000ec6c8e50,0x00000000ec6d0000)
  to   space 2624K, 0% used [0x00000000ec6d0000,0x00000000ec6d0000,0x00000000ec960000)
 ParOldGen       total 42432K, used 1983K [0x00000000c1e00000, 0x00000000c4770000, 0x00000000eb4b0000)
  object space 42432K, 4% used [0x00000000c1e00000,0x00000000c1fefdf8,0x00000000c4770000)
 PSPermGen       total 21248K, used 9677K [0x00000000bcc00000, 0x00000000be0c0000, 0x00000000c1e00000)
  object space 21248K, 45% used [0x00000000bcc00000,0x00000000bd573498,0x00000000be0c0000)
}
Event: 3.528 GC heap before
{Heap before GC invocations=4 (full 0):
 PSYoungGen      total 18560K, used 18531K [0x00000000eb4b0000, 0x00000000ec960000, 0x0000000100000000)
  eden space 15936K, 100% used [0x00000000eb4b0000,0x00000000ec440000,0x00000000ec440000)
  from space 2624K, 98% used [0x00000000ec440000,0x00000000ec6c8e50,0x00000000ec6d0000)
  to   space 2624K, 0% used [0x00000000ec6d0000,0x00000000ec6d0000,0x00000000ec960000)
 ParOldGen       total 42432K, used 1983K [0x00000000c1e00000, 0x00000000c4770000, 0x00000000eb4b0000)
  object space 42432K, 4% used [0x00000000c1e00000,0x00000000c1fefdf8,0x00000000c4770000)
 PSPermGen       total 21248K, used 12380K [0x00000000bcc00000, 0x00000000be0c0000, 0x00000000c1e00000)
  object space 21248K, 58% used [0x00000000bcc00000,0x00000000bd817310,0x00000000be0c0000)
Event: 3.540 GC heap after
Heap after GC invocations=4 (full 0):
 PSYoungGen      total 18560K, used 2609K [0x00000000eb4b0000, 0x00000000ed8f0000, 0x0000000100000000)
  eden space 15936K, 0% used [0x00000000eb4b0000,0x00000000eb4b0000,0x00000000ec440000)
  from space 2624K, 99% used [0x00000000ec6d0000,0x00000000ec95c4f0,0x00000000ec960000)
  to   space 2624K, 0% used [0x00000000ec440000,0x00000000ec440000,0x00000000ec6d0000)
 ParOldGen       total 42432K, used 4145K [0x00000000c1e00000, 0x00000000c4770000, 0x00000000eb4b0000)
  object space 42432K, 9% used [0x00000000c1e00000,0x00000000c220c610,0x00000000c4770000)
 PSPermGen       total 21248K, used 12380K [0x00000000bcc00000, 0x00000000be0c0000, 0x00000000c1e00000)
  object space 21248K, 58% used [0x00000000bcc00000,0x00000000bd817310,0x00000000be0c0000)
}
Event: 4.589 GC heap before
{Heap before GC invocations=5 (full 0):
 PSYoungGen      total 18560K, used 18545K [0x00000000eb4b0000, 0x00000000ed8f0000, 0x0000000100000000)
  eden space 15936K, 100% used [0x00000000eb4b0000,0x00000000ec440000,0x00000000ec440000)
  from space 2624K, 99% used [0x00000000ec6d0000,0x00000000ec95c4f0,0x00000000ec960000)
  to   space 2624K, 0% used [0x00000000ec440000,0x00000000ec440000,0x00000000ec6d0000)
 ParOldGen       total 42432K, used 4145K [0x00000000c1e00000, 0x00000000c4770000, 0x00000000eb4b0000)
  object space 42432K, 9% used [0x00000000c1e00000,0x00000000c220c610,0x00000000c4770000)
 PSPermGen       total 21248K, used 12677K [0x00000000bcc00000, 0x00000000be0c0000, 0x00000000c1e00000)
  object space 21248K, 59% used [0x00000000bcc00000,0x00000000bd8616a8,0x00000000be0c0000)
Event: 4.607 GC heap after
Heap after GC invocations=5 (full 0):
 PSYoungGen      total 18560K, used 2624K [0x00000000eb4b0000, 0x00000000eddb0000, 0x0000000100000000)
  eden space 15936K, 0% used [0x00000000eb4b0000,0x00000000eb4b0000,0x00000000ec440000)
  from space 2624K, 100% used [0x00000000ec440000,0x00000000ec6d0000,0x00000000ec6d0000)
  to   space 5056K, 0% used [0x00000000ed8c0000,0x00000000ed8c0000,0x00000000eddb0000)
 ParOldGen       total 42432K, used 5242K [0x00000000c1e00000, 0x00000000c4770000, 0x00000000eb4b0000)
  object space 42432K, 12% used [0x00000000c1e00000,0x00000000c231eb08,0x00000000c4770000)
 PSPermGen       total 21248K, used 12677K [0x00000000bcc00000, 0x00000000be0c0000, 0x00000000c1e00000)
  object space 21248K, 59% used [0x00000000bcc00000,0x00000000bd8616a8,0x00000000be0c0000)
}
Event: 5.285 GC heap before
{Heap before GC invocations=6 (full 0):
 PSYoungGen      total 18560K, used 18560K [0x00000000eb4b0000, 0x00000000eddb0000, 0x0000000100000000)
  eden space 15936K, 100% used [0x00000000eb4b0000,0x00000000ec440000,0x00000000ec440000)
  from space 2624K, 100% used [0x00000000ec440000,0x00000000ec6d0000,0x00000000ec6d0000)
  to   space 5056K, 0% used [0x00000000ed8c0000,0x00000000ed8c0000,0x00000000eddb0000)
 ParOldGen       total 42432K, used 5242K [0x00000000c1e00000, 0x00000000c4770000, 0x00000000eb4b0000)
  object space 42432K, 12% used [0x00000000c1e00000,0x00000000c231eb08,0x00000000c4770000)
 PSPermGen       total 21248K, used 13349K [0x00000000bcc00000, 0x00000000be0c0000, 0x00000000c1e00000)
  object space 21248K, 62% used [0x00000000bcc00000,0x00000000bd909778,0x00000000be0c0000)
Event: 5.302 GC heap after
Heap after GC invocations=6 (full 0):
 PSYoungGen      total 36864K, used 4075K [0x00000000eb4b0000, 0x00000000eddd0000, 0x0000000100000000)
  eden space 31808K, 0% used [0x00000000eb4b0000,0x00000000eb4b0000,0x00000000ed3c0000)
  from space 5056K, 80% used [0x00000000ed8c0000,0x00000000edcbae88,0x00000000eddb0000)
  to   space 5120K, 0% used [0x00000000ed3c0000,0x00000000ed3c0000,0x00000000ed8c0000)
 ParOldGen       total 42432K, used 5242K [0x00000000c1e00000, 0x00000000c4770000, 0x00000000eb4b0000)
  object space 42432K, 12% used [0x00000000c1e00000,0x00000000c231eb08,0x00000000c4770000)
 PSPermGen       total 21248K, used 13349K [0x00000000bcc00000, 0x00000000be0c0000, 0x00000000c1e00000)
  object space 21248K, 62% used [0x00000000bcc00000,0x00000000bd909778,0x00000000be0c0000)
}

