# JRE version: 7.0_21-b11
# Java VM: Java HotSpot(TM) 64-Bit Server VM (23.21-b01 mixed mode windows-amd64 compressed oops)
Heap
 PSYoungGen      total 34496K, used 7053K [0x00000000eb4b0000, 0x00000000efe90000, 0x0000000100000000)
  eden space 31872K, 13% used [0x00000000eb4b0000,0x00000000eb903600,0x00000000ed3d0000)
  from space 2624K, 100% used [0x00000000ed3d0000,0x00000000ed660000,0x00000000ed660000)
  to   space 5952K, 0% used [0x00000000ef8c0000,0x00000000ef8c0000,0x00000000efe90000)
 ParOldGen       total 42432K, used 6385K [0x00000000c1e00000, 0x00000000c4770000, 0x00000000eb4b0000)
  object space 42432K, 15% used [0x00000000c1e00000,0x00000000c243c668,0x00000000c4770000)
 PSPermGen       total 21248K, used 13646K [0x00000000bcc00000, 0x00000000be0c0000, 0x00000000c1e00000)
  object space 21248K, 64% used [0x00000000bcc00000,0x00000000bd953b08,0x00000000be0c0000)
GC Heap History (10 events):
Event: 1.579 GC heap before
{Heap before GC invocations=1 (full 0):
 PSYoungGen      total 18560K, used 15936K [0x00000000eb4b0000, 0x00000000ec960000, 0x0000000100000000)
  eden space 15936K, 100% used [0x00000000eb4b0000,0x00000000ec440000,0x00000000ec440000)
  from space 2624K, 0% used [0x00000000ec6d0000,0x00000000ec6d0000,0x00000000ec960000)
  to   space 2624K, 0% used [0x00000000ec440000,0x00000000ec440000,0x00000000ec6d0000)
 ParOldGen       total 42432K, used 0K [0x00000000c1e00000, 0x00000000c4770000, 0x00000000eb4b0000)
  object space 42432K, 0% used [0x00000000c1e00000,0x00000000c1e00000,0x00000000c4770000)
 PSPermGen       total 21248K, used 6792K [0x00000000bcc00000, 0x00000000be0c0000, 0x00000000c1e00000)
  object space 21248K, 31% used [0x00000000bcc00000,0x00000000bd2a2130,0x00000000be0c0000)
Event: 1.588 GC heap after
Heap after GC invocations=1 (full 0):
 PSYoungGen      total 18560K, used 2599K [0x00000000eb4b0000, 0x00000000ec960000, 0x0000000100000000)
  eden space 15936K, 0% used [0x00000000eb4b0000,0x00000000eb4b0000,0x00000000ec440000)
  from space 2624K, 99% used [0x00000000ec440000,0x00000000ec6c9df0,0x00000000ec6d0000)
  to   space 2624K, 0% used [0x00000000ec6d0000,0x00000000ec6d0000,0x00000000ec960000)
 ParOldGen       total 42432K, used 536K [0x00000000c1e00000, 0x00000000c4770000, 0x00000000eb4b0000)
  object space 42432K, 1% used [0x00000000c1e00000,0x00000000c1e86110,0x00000000c4770000)
 PSPermGen       total 21248K, used 6792K [0x00000000bcc00000, 0x00000000be0c0000, 0x00000000c1e00000)
  object space 21248K, 31% used [0x00000000bcc00000,0x00000000bd2a2130,0x00000000be0c0000)
}
Event: 2.088 GC heap before
{Heap before GC invocations=2 (full 0):
 PSYoungGen      total 18560K, used 18535K [0x00000000eb4b0000, 0x00000000ec960000, 0x0000000100000000)
  eden space 15936K, 100% used [0x00000000eb4b0000,0x00000000ec440000,0x00000000ec440000)
  from space 2624K, 99% used [0x00000000ec440000,0x00000000ec6c9df0,0x00000000ec6d0000)
  to   space 2624K, 0% used [0x00000000ec6d0000,0x00000000ec6d0000,0x00000000ec960000)
 ParOldGen       total 42432K, used 536K [0x00000000c1e00000, 0x00000000c4770000, 0x00000000eb4b0000)
  object space 42432K, 1% used [0x00000000c1e00000,0x00000000c1e86110,0x00000000c4770000)
 PSPermGen       total 21248K, used 7596K [0x00000000bcc00000, 0x00000000be0c0000, 0x00000000c1e00000)
  object space 21248K, 35% used [0x00000000bcc00000,0x00000000bd36b1a8,0x00000000be0c0000)
Event: 2.098 GC heap after
Heap after GC invocations=2 (full 0):
 PSYoungGen      total 18560K, used 2455K [0x00000000eb4b0000, 0x00000000ed8f0000, 0x0000000100000000)
  eden space 15936K, 0% used [0x00000000eb4b0000,0x00000000eb4b0000,0x00000000ec440000)
  from space 2624K, 93% used [0x00000000ec6d0000,0x00000000ec935de8,0x00000000ec960000)
  to   space 2624K, 0% used [0x00000000ec440000,0x00000000ec440000,0x00000000ec6d0000)
 ParOldGen       total 42432K, used 544K [0x00000000c1e00000, 0x00000000c4770000, 0x00000000eb4b0000)
  object space 42432K, 1% used [0x00000000c1e00000,0x00000000c1e88110,0x00000000c4770000)
 PSPermGen       total 21248K, used 7596K [0x00000000bcc00000, 0x00000000be0c0000, 0x00000000c1e00000)
  object space 21248K, 35% used [0x00000000bcc00000,0x00000000bd36b1a8,0x00000000be0c0000)
}
Event: 2.796 GC heap before
{Heap before GC invocations=3 (full 0):
 PSYoungGen      total 18560K, used 18391K [0x00000000eb4b0000, 0x00000000ed8f0000, 0x0000000100000000)
  eden space 15936K, 100% used [0x00000000eb4b0000,0x00000000ec440000,0x00000000ec440000)
  from space 2624K, 93% used [0x00000000ec6d0000,0x00000000ec935de8,0x00000000ec960000)
  to   space 2624K, 0% used [0x00000000ec440000,0x00000000ec440000,0x00000000ec6d0000)
 ParOldGen       total 42432K, used 544K [0x00000000c1e00000, 0x00000000c4770000, 0x00000000eb4b0000)
  object space 42432K, 1% used [0x00000000c1e00000,0x00000000c1e88110,0x00000000c4770000)
 PSPermGen       total 21248K, used 9676K [0x00000000bcc00000, 0x00000000be0c0000, 0x00000000c1e00000)
  object space 21248K, 45% used [0x00000000bcc00000,0x00000000bd573380,0x00000000be0c0000)
Event: 2.805 GC heap after
Heap after GC invocations=3 (full 0):
 PSYoungGen      total 18560K, used 2621K [0x00000000eb4b0000, 0x00000000ed8f0000, 0x0000000100000000)
  eden space 15936K, 0% used [0x00000000eb4b0000,0x00000000eb4b0000,0x00000000ec440000)
  from space 2624K, 99% used [0x00000000ec440000,0x00000000ec6cf4d8,0x00000000ec6d0000)
  to   space 2624K, 0% used [0x00000000ed660000,0x00000000ed660000,0x00000000ed8f0000)
 ParOldGen       total 42432K, used 1857K [0x00000000c1e00000, 0x00000000c4770000, 0x00000000eb4b0000)
  object space 42432K, 4% used [0x00000000c1e00000,0x00000000c1fd0540,0x00000000c4770000)
 PSPermGen       total 21248K, used 9676K [0x00000000bcc00000, 0x00000000be0c0000, 0x00000000c1e00000)
  object space 21248K, 45% used [0x00000000bcc00000,0x00000000bd573380,0x00000000be0c0000)
}
Event: 3.790 GC heap before
{Heap before GC invocations=4 (full 0):
 PSYoungGen      total 18560K, used 18557K [0x00000000eb4b0000, 0x00000000ed8f0000, 0x0000000100000000)
  eden space 15936K, 100% used [0x00000000eb4b0000,0x00000000ec440000,0x00000000ec440000)
  from space 2624K, 99% used [0x00000000ec440000,0x00000000ec6cf4d8,0x00000000ec6d0000)
  to   space 2624K, 0% used [0x00000000ed660000,0x00000000ed660000,0x00000000ed8f0000)
 ParOldGen       total 42432K, used 1857K [0x00000000c1e00000, 0x00000000c4770000, 0x00000000eb4b0000)
  object space 42432K, 4% used [0x00000000c1e00000,0x00000000c1fd0540,0x00000000c4770000)
 PSPermGen       total 21248K, used 12380K [0x00000000bcc00000, 0x00000000be0c0000, 0x00000000c1e00000)
  object space 21248K, 58% used [0x00000000bcc00000,0x00000000bd817350,0x00000000be0c0000)
Event: 3.806 GC heap after
Heap after GC invocations=4 (full 0):
 PSYoungGen      total 34496K, used 2609K [0x00000000eb4b0000, 0x00000000ed8f0000, 0x0000000100000000)
  eden space 31872K, 0% used [0x00000000eb4b0000,0x00000000eb4b0000,0x00000000ed3d0000)
  from space 2624K, 99% used [0x00000000ed660000,0x00000000ed8ec510,0x00000000ed8f0000)
  to   space 2624K, 0% used [0x00000000ed3d0000,0x00000000ed3d0000,0x00000000ed660000)
 ParOldGen       total 42432K, used 4030K [0x00000000c1e00000, 0x00000000c4770000, 0x00000000eb4b0000)
  object space 42432K, 9% used [0x00000000c1e00000,0x00000000c21ef8e8,0x00000000c4770000)
 PSPermGen       total 21248K, used 12380K [0x00000000bcc00000, 0x00000000be0c0000, 0x00000000c1e00000)
  object space 21248K, 58% used [0x00000000bcc00000,0x00000000bd817350,0x00000000be0c0000)
}
Event: 5.732 GC heap before
{Heap before GC invocations=5 (full 0):
 PSYoungGen      total 34496K, used 34481K [0x00000000eb4b0000, 0x00000000ed8f0000, 0x0000000100000000)
  eden space 31872K, 100% used [0x00000000eb4b0000,0x00000000ed3d0000,0x00000000ed3d0000)
  from space 2624K, 99% used [0x00000000ed660000,0x00000000ed8ec510,0x00000000ed8f0000)
  to   space 2624K, 0% used [0x00000000ed3d0000,0x00000000ed3d0000,0x00000000ed660000)
 ParOldGen       total 42432K, used 4030K [0x00000000c1e00000, 0x00000000c4770000, 0x00000000eb4b0000)
  object space 42432K, 9% used [0x00000000c1e00000,0x00000000c21ef8e8,0x00000000c4770000)
 PSPermGen       total 21248K, used 13364K [0x00000000bcc00000, 0x00000000be0c0000, 0x00000000c1e00000)
  object space 21248K, 62% used [0x00000000bcc00000,0x00000000bd90d310,0x00000000be0c0000)
Event: 5.754 GC heap after
Heap after GC invocations=5 (full 0):
 PSYoungGen      total 34496K, used 2624K [0x00000000eb4b0000, 0x00000000efe90000, 0x0000000100000000)
  eden space 31872K, 0% used [0x00000000eb4b0000,0x00000000eb4b0000,0x00000000ed3d0000)
  from space 2624K, 100% used [0x00000000ed3d0000,0x00000000ed660000,0x00000000ed660000)
  to   space 5952K, 0% used [0x00000000ef8c0000,0x00000000ef8c0000,0x00000000efe90000)
 ParOldGen       total 42432K, used 6385K [0x00000000c1e00000, 0x00000000c4770000, 0x00000000eb4b0000)
  object space 42432K, 15% used [0x00000000c1e00000,0x00000000c243c668,0x00000000c4770000)
 PSPermGen       total 21248K, used 13364K [0x00000000bcc00000, 0x00000000be0c0000, 0x00000000c1e00000)
  object space 21248K, 62% used [0x00000000bcc00000,0x00000000bd90d310,0x00000000be0c0000)
}

